<?xml version="1.0" encoding="UTF-8"?>
<testng-results ignored="0" total="1" passed="1" failed="0" skipped="0">
  <reporter-output>
  </reporter-output>
  <suite started-at="2024-05-07T08:02:40 PDT" name="Default suite" finished-at="2024-05-07T08:02:46 PDT" duration-ms="5419">
    <groups>
    </groups>
    <test started-at="2024-05-07T08:02:40 PDT" name="Default test" finished-at="2024-05-07T08:02:46 PDT" duration-ms="5419">
      <class name="Assessment.testCases">
        <test-method is-config="true" signature="setup()[pri:0, instance:Assessment.testCases@169e6180]" started-at="2024-05-07T08:02:35 PDT" name="setup" finished-at="2024-05-07T08:02:40 PDT" duration-ms="4965" status="PASS">
          <reporter-output>
          </reporter-output>
        </test-method> <!-- setup -->
        <test-method is-config="true" signature="launchCareersPage()[pri:0, instance:Assessment.testCases@169e6180]" started-at="2024-05-07T08:02:40 PDT" name="launchCareersPage" finished-at="2024-05-07T08:02:42 PDT" duration-ms="1746" status="PASS">
          <reporter-output>
          </reporter-output>
        </test-method> <!-- launchCareersPage -->
        <test-method signature="submitForm()[pri:0, instance:Assessment.testCases@169e6180]" started-at="2024-05-07T08:02:42 PDT" name="submitForm" finished-at="2024-05-07T08:02:45 PDT" duration-ms="3560" status="PASS">
          <reporter-output>
          </reporter-output>
        </test-method> <!-- submitForm -->
        <test-method is-config="true" signature="quitAll()[pri:0, instance:Assessment.testCases@169e6180]" started-at="2024-05-07T08:02:45 PDT" name="quitAll" finished-at="2024-05-07T08:02:46 PDT" duration-ms="95" status="PASS">
          <reporter-output>
          </reporter-output>
        </test-method> <!-- quitAll -->
      </class> <!-- Assessment.testCases -->
    </test> <!-- Default test -->
  </suite> <!-- Default suite -->
</testng-results>
